<?xml version="1.0" encoding="UTF-8"?>
<testng-results ignored="0" total="7" passed="7" failed="0" skipped="0">
  <reporter-output>
  </reporter-output>
  <suite started-at="2023-05-22T15:36:23 EET" name="Suite" finished-at="2023-05-22T15:36:25 EET" duration-ms="2237">
    <groups>
    </groups>
    <test started-at="2023-05-22T15:36:23 EET" name="test" finished-at="2023-05-22T15:36:25 EET" duration-ms="2237">
      <class name="tests.DeletePersonTest">
        <test-method is-config="true" signature="init()[pri:0, instance:tests.DeletePersonTest@6da21078]" started-at="2023-05-22T15:36:25 EET" name="init" finished-at="2023-05-22T15:36:25 EET" duration-ms="1" status="PASS">
          <reporter-output>
          </reporter-output>
        </test-method> <!-- init -->
        <test-method signature="deletePersonTest(org.testng.ITestContext)[pri:0, instance:tests.DeletePersonTest@6da21078]" started-at="2023-05-22T15:36:25 EET" name="deletePersonTest" finished-at="2023-05-22T15:36:25 EET" duration-ms="44" status="PASS">
          <params>
            <param index="0">
              <value>
                <![CDATA[org.testng.TestRunner@1abcd059]]>
              </value>
            </param>
          </params>
          <reporter-output>
          </reporter-output>
        </test-method> <!-- deletePersonTest -->
      </class> <!-- tests.DeletePersonTest -->
      <class name="tests.GetAllPersons">
        <test-method is-config="true" signature="init()[pri:0, instance:tests.GetAllPersons@7fee8714]" started-at="2023-05-22T15:36:25 EET" name="init" finished-at="2023-05-22T15:36:25 EET" duration-ms="1" status="PASS">
          <reporter-output>
          </reporter-output>
        </test-method> <!-- init -->
        <test-method signature="testgetall()[pri:0, instance:tests.GetAllPersons@7fee8714]" started-at="2023-05-22T15:36:25 EET" name="testgetall" finished-at="2023-05-22T15:36:25 EET" duration-ms="83" status="PASS">
          <reporter-output>
          </reporter-output>
        </test-method> <!-- testgetall -->
      </class> <!-- tests.GetAllPersons -->
      <class name="tests.E2E">
        <test-method signature="create_person(org.testng.ITestContext)[pri:1, instance:tests.E2E@75b6dd5b]" started-at="2023-05-22T15:36:25 EET" name="create_person" finished-at="2023-05-22T15:36:25 EET" duration-ms="49" status="PASS">
          <params>
            <param index="0">
              <value>
                <![CDATA[org.testng.TestRunner@1abcd059]]>
              </value>
            </param>
          </params>
          <reporter-output>
          </reporter-output>
        </test-method> <!-- create_person -->
        <test-method is-config="true" signature="init()[pri:0, instance:tests.E2E@75b6dd5b]" started-at="2023-05-22T15:36:25 EET" name="init" finished-at="2023-05-22T15:36:25 EET" duration-ms="0" status="PASS">
          <reporter-output>
          </reporter-output>
        </test-method> <!-- init -->
        <test-method signature="updatePersonTest(org.testng.ITestContext)[pri:2, instance:tests.E2E@75b6dd5b]" started-at="2023-05-22T15:36:25 EET" name="updatePersonTest" finished-at="2023-05-22T15:36:25 EET" duration-ms="50" status="PASS">
          <params>
            <param index="0">
              <value>
                <![CDATA[org.testng.TestRunner@1abcd059]]>
              </value>
            </param>
          </params>
          <reporter-output>
          </reporter-output>
        </test-method> <!-- updatePersonTest -->
        <test-method signature="deletePersonTest(org.testng.ITestContext)[pri:3, instance:tests.E2E@75b6dd5b]" started-at="2023-05-22T15:36:25 EET" name="deletePersonTest" finished-at="2023-05-22T15:36:25 EET" duration-ms="30" status="PASS">
          <params>
            <param index="0">
              <value>
                <![CDATA[org.testng.TestRunner@1abcd059]]>
              </value>
            </param>
          </params>
          <reporter-output>
          </reporter-output>
        </test-method> <!-- deletePersonTest -->
      </class> <!-- tests.E2E -->
      <class name="tests.CreatePersonTest">
        <test-method is-config="true" signature="init()[pri:0, instance:tests.CreatePersonTest@53fdffa1]" started-at="2023-05-22T15:36:23 EET" name="init" finished-at="2023-05-22T15:36:23 EET" duration-ms="284" status="PASS">
          <reporter-output>
          </reporter-output>
        </test-method> <!-- init -->
        <test-method signature="create_person(org.testng.ITestContext)[pri:0, instance:tests.CreatePersonTest@53fdffa1]" started-at="2023-05-22T15:36:23 EET" name="create_person" finished-at="2023-05-22T15:36:24 EET" duration-ms="1414" status="PASS">
          <params>
            <param index="0">
              <value>
                <![CDATA[org.testng.TestRunner@1abcd059]]>
              </value>
            </param>
          </params>
          <reporter-output>
          </reporter-output>
        </test-method> <!-- create_person -->
      </class> <!-- tests.CreatePersonTest -->
      <class name="tests.PatchPerson">
        <test-method is-config="true" signature="init()[pri:0, instance:tests.PatchPerson@f736069]" started-at="2023-05-22T15:36:24 EET" name="init" finished-at="2023-05-22T15:36:24 EET" duration-ms="2" status="PASS">
          <reporter-output>
          </reporter-output>
        </test-method> <!-- init -->
        <test-method signature="updatePersonTest(org.testng.ITestContext)[pri:0, instance:tests.PatchPerson@f736069]" started-at="2023-05-22T15:36:24 EET" name="updatePersonTest" finished-at="2023-05-22T15:36:25 EET" duration-ms="80" status="PASS">
          <params>
            <param index="0">
              <value>
                <![CDATA[org.testng.TestRunner@1abcd059]]>
              </value>
            </param>
          </params>
          <reporter-output>
          </reporter-output>
        </test-method> <!-- updatePersonTest -->
      </class> <!-- tests.PatchPerson -->
    </test> <!-- test -->
  </suite> <!-- Suite -->
</testng-results>
