<?xml version="1.0" encoding="UTF-8"?>
<testng-results ignored="0" total="6" passed="6" failed="0" skipped="0">
  <reporter-output>
  </reporter-output>
  <suite started-at="2023-05-22T15:49:07 EET" name="Surefire suite" finished-at="2023-05-22T15:49:09 EET" duration-ms="2037">
    <groups>
    </groups>
    <test started-at="2023-05-22T15:49:07 EET" name="Surefire test" finished-at="2023-05-22T15:49:09 EET" duration-ms="2037">
      <class name="tests.DeletePersonTest">
        <test-method is-config="true" signature="init()[pri:0, instance:tests.DeletePersonTest@550ee7e5]" started-at="2023-05-22T15:49:09 EET" name="init" finished-at="2023-05-22T15:49:09 EET" duration-ms="1" status="PASS">
          <reporter-output>
          </reporter-output>
        </test-method> <!-- init -->
        <test-method signature="deletePersonTest(org.testng.ITestContext)[pri:0, instance:tests.DeletePersonTest@550ee7e5]" started-at="2023-05-22T15:49:09 EET" name="deletePersonTest" finished-at="2023-05-22T15:49:09 EET" duration-ms="59" status="PASS">
          <params>
            <param index="0">
              <value>
                <![CDATA[org.testng.TestRunner@5db948c9]]>
              </value>
            </param>
          </params>
          <reporter-output>
          </reporter-output>
        </test-method> <!-- deletePersonTest -->
      </class> <!-- tests.DeletePersonTest -->
      <class name="tests.GetAllPersons">
        <test-method signature="testgetall()[pri:0, instance:tests.GetAllPersons@493ac8d3]" started-at="2023-05-22T15:49:09 EET" name="testgetall" finished-at="2023-05-22T15:49:09 EET" duration-ms="65" status="PASS">
          <reporter-output>
          </reporter-output>
        </test-method> <!-- testgetall -->
        <test-method is-config="true" signature="init()[pri:0, instance:tests.GetAllPersons@493ac8d3]" started-at="2023-05-22T15:49:09 EET" name="init" finished-at="2023-05-22T15:49:09 EET" duration-ms="0" status="PASS">
          <reporter-output>
          </reporter-output>
        </test-method> <!-- init -->
      </class> <!-- tests.GetAllPersons -->
      <class name="tests.E2E">
        <test-method is-config="true" signature="init()[pri:0, instance:tests.E2E@59a79443]" started-at="2023-05-22T15:49:09 EET" name="init" finished-at="2023-05-22T15:49:09 EET" duration-ms="1" status="PASS">
          <reporter-output>
          </reporter-output>
        </test-method> <!-- init -->
        <test-method signature="create_person(org.testng.ITestContext)[pri:1, instance:tests.E2E@59a79443]" started-at="2023-05-22T15:49:09 EET" name="create_person" finished-at="2023-05-22T15:49:09 EET" duration-ms="53" status="PASS">
          <params>
            <param index="0">
              <value>
                <![CDATA[org.testng.TestRunner@5db948c9]]>
              </value>
            </param>
          </params>
          <reporter-output>
          </reporter-output>
        </test-method> <!-- create_person -->
        <test-method signature="updatePersonTest(org.testng.ITestContext)[pri:2, instance:tests.E2E@59a79443]" started-at="2023-05-22T15:49:09 EET" name="updatePersonTest" finished-at="2023-05-22T15:49:09 EET" duration-ms="53" status="PASS">
          <params>
            <param index="0">
              <value>
                <![CDATA[org.testng.TestRunner@5db948c9]]>
              </value>
            </param>
          </params>
          <reporter-output>
          </reporter-output>
        </test-method> <!-- updatePersonTest -->
        <test-method signature="deletePersonTest(org.testng.ITestContext)[pri:3, instance:tests.E2E@59a79443]" started-at="2023-05-22T15:49:09 EET" name="deletePersonTest" finished-at="2023-05-22T15:49:09 EET" duration-ms="31" status="PASS">
          <params>
            <param index="0">
              <value>
                <![CDATA[org.testng.TestRunner@5db948c9]]>
              </value>
            </param>
          </params>
          <reporter-output>
          </reporter-output>
        </test-method> <!-- deletePersonTest -->
      </class> <!-- tests.E2E -->
      <class name="tests.CreatePersonTest">
        <test-method is-config="true" signature="init()[pri:0, instance:tests.CreatePersonTest@1a4013]" started-at="2023-05-22T15:49:07 EET" name="init" finished-at="2023-05-22T15:49:08 EET" duration-ms="314" status="PASS">
          <reporter-output>
          </reporter-output>
        </test-method> <!-- init -->
        <test-method signature="create_person(org.testng.ITestContext)[pri:0, instance:tests.CreatePersonTest@1a4013]" started-at="2023-05-22T15:49:08 EET" name="create_person" finished-at="2023-05-22T15:49:09 EET" duration-ms="1427" status="PASS">
          <params>
            <param index="0">
              <value>
                <![CDATA[org.testng.TestRunner@5db948c9]]>
              </value>
            </param>
          </params>
          <reporter-output>
          </reporter-output>
        </test-method> <!-- create_person -->
      </class> <!-- tests.CreatePersonTest -->
    </test> <!-- Surefire test -->
  </suite> <!-- Surefire suite -->
</testng-results>
