<?xml version="1.0" encoding="UTF-8"?>
<testng-results ignored="0" total="11" passed="11" failed="0" skipped="0">
  <reporter-output>
  </reporter-output>
  <suite started-at="2023-05-25T00:18:35 EET" name="Suite" finished-at="2023-05-25T00:18:38 EET" duration-ms="2454">
    <groups>
    </groups>
    <test started-at="2023-05-25T00:18:35 EET" name="test" finished-at="2023-05-25T00:18:38 EET" duration-ms="2454">
      <class name="tests.DeletePersonTest">
        <test-method is-config="true" signature="init()[pri:0, instance:tests.DeletePersonTest@1de5f259]" started-at="2023-05-25T00:18:37 EET" name="init" finished-at="2023-05-25T00:18:37 EET" duration-ms="2" status="PASS">
          <reporter-output>
          </reporter-output>
        </test-method> <!-- init -->
        <test-method signature="create_person(org.testng.ITestContext)[pri:0, instance:tests.DeletePersonTest@1de5f259]" started-at="2023-05-25T00:18:37 EET" name="create_person" finished-at="2023-05-25T00:18:37 EET" duration-ms="67" status="PASS">
          <params>
            <param index="0">
              <value>
                <![CDATA[org.testng.TestRunner@ae3c140]]>
              </value>
            </param>
          </params>
          <reporter-output>
          </reporter-output>
        </test-method> <!-- create_person -->
        <test-method signature="deletePersonTest(org.testng.ITestContext)[pri:0, instance:tests.DeletePersonTest@1de5f259]" started-at="2023-05-25T00:18:37 EET" name="deletePersonTest" finished-at="2023-05-25T00:18:37 EET" duration-ms="38" status="PASS">
          <params>
            <param index="0">
              <value>
                <![CDATA[org.testng.TestRunner@ae3c140]]>
              </value>
            </param>
          </params>
          <reporter-output>
          </reporter-output>
        </test-method> <!-- deletePersonTest -->
      </class> <!-- tests.DeletePersonTest -->
      <class name="tests.GetAllPersons">
        <test-method is-config="true" signature="init()[pri:0, instance:tests.GetAllPersons@729d991e]" started-at="2023-05-25T00:18:37 EET" name="init" finished-at="2023-05-25T00:18:37 EET" duration-ms="1" status="PASS">
          <reporter-output>
          </reporter-output>
        </test-method> <!-- init -->
        <test-method signature="testgetall()[pri:0, instance:tests.GetAllPersons@729d991e]" started-at="2023-05-25T00:18:37 EET" name="testgetall" finished-at="2023-05-25T00:18:37 EET" duration-ms="65" status="PASS">
          <reporter-output>
          </reporter-output>
        </test-method> <!-- testgetall -->
      </class> <!-- tests.GetAllPersons -->
      <class name="tests.PatchPersontest">
        <test-method is-config="true" signature="init()[pri:0, instance:tests.PatchPersontest@3e11f9e9]" started-at="2023-05-25T00:18:37 EET" name="init" finished-at="2023-05-25T00:18:37 EET" duration-ms="2" status="PASS">
          <reporter-output>
          </reporter-output>
        </test-method> <!-- init -->
        <test-method signature="create_person(org.testng.ITestContext)[pri:1, instance:tests.PatchPersontest@3e11f9e9]" started-at="2023-05-25T00:18:37 EET" name="create_person" finished-at="2023-05-25T00:18:37 EET" duration-ms="67" status="PASS">
          <params>
            <param index="0">
              <value>
                <![CDATA[org.testng.TestRunner@ae3c140]]>
              </value>
            </param>
          </params>
          <reporter-output>
          </reporter-output>
        </test-method> <!-- create_person -->
        <test-method signature="updatePersonTest(org.testng.ITestContext)[pri:2, instance:tests.PatchPersontest@3e11f9e9]" started-at="2023-05-25T00:18:37 EET" name="updatePersonTest" finished-at="2023-05-25T00:18:37 EET" duration-ms="67" status="PASS">
          <params>
            <param index="0">
              <value>
                <![CDATA[org.testng.TestRunner@ae3c140]]>
              </value>
            </param>
          </params>
          <reporter-output>
          </reporter-output>
        </test-method> <!-- updatePersonTest -->
        <test-method signature="deletePersonTest(org.testng.ITestContext)[pri:3, instance:tests.PatchPersontest@3e11f9e9]" started-at="2023-05-25T00:18:37 EET" name="deletePersonTest" finished-at="2023-05-25T00:18:37 EET" duration-ms="13" status="PASS">
          <params>
            <param index="0">
              <value>
                <![CDATA[org.testng.TestRunner@ae3c140]]>
              </value>
            </param>
          </params>
          <reporter-output>
          </reporter-output>
        </test-method> <!-- deletePersonTest -->
      </class> <!-- tests.PatchPersontest -->
      <class name="tests.E2E">
        <test-method is-config="true" signature="init()[pri:0, instance:tests.E2E@6d8796c1]" started-at="2023-05-25T00:18:37 EET" name="init" finished-at="2023-05-25T00:18:37 EET" duration-ms="1" status="PASS">
          <reporter-output>
          </reporter-output>
        </test-method> <!-- init -->
        <test-method signature="create_person(org.testng.ITestContext)[pri:1, instance:tests.E2E@6d8796c1]" started-at="2023-05-25T00:18:37 EET" name="create_person" finished-at="2023-05-25T00:18:37 EET" duration-ms="47" status="PASS">
          <params>
            <param index="0">
              <value>
                <![CDATA[org.testng.TestRunner@ae3c140]]>
              </value>
            </param>
          </params>
          <reporter-output>
          </reporter-output>
        </test-method> <!-- create_person -->
        <test-method signature="updatePersonTest(org.testng.ITestContext)[pri:2, instance:tests.E2E@6d8796c1]" started-at="2023-05-25T00:18:37 EET" name="updatePersonTest" finished-at="2023-05-25T00:18:37 EET" duration-ms="35" status="PASS">
          <params>
            <param index="0">
              <value>
                <![CDATA[org.testng.TestRunner@ae3c140]]>
              </value>
            </param>
          </params>
          <reporter-output>
          </reporter-output>
        </test-method> <!-- updatePersonTest -->
        <test-method signature="deletePersonTest(org.testng.ITestContext)[pri:3, instance:tests.E2E@6d8796c1]" started-at="2023-05-25T00:18:37 EET" name="deletePersonTest" finished-at="2023-05-25T00:18:38 EET" duration-ms="33" status="PASS">
          <params>
            <param index="0">
              <value>
                <![CDATA[org.testng.TestRunner@ae3c140]]>
              </value>
            </param>
          </params>
          <reporter-output>
          </reporter-output>
        </test-method> <!-- deletePersonTest -->
      </class> <!-- tests.E2E -->
      <class name="tests.CreatePersonTest">
        <test-method is-config="true" signature="init()[pri:0, instance:tests.CreatePersonTest@3c7f66c4]" started-at="2023-05-25T00:18:35 EET" name="init" finished-at="2023-05-25T00:18:36 EET" duration-ms="580" status="PASS">
          <reporter-output>
          </reporter-output>
        </test-method> <!-- init -->
        <test-method signature="create_person(org.testng.ITestContext)[pri:0, instance:tests.CreatePersonTest@3c7f66c4]" started-at="2023-05-25T00:18:36 EET" name="create_person" finished-at="2023-05-25T00:18:37 EET" duration-ms="1202" status="PASS">
          <params>
            <param index="0">
              <value>
                <![CDATA[org.testng.TestRunner@ae3c140]]>
              </value>
            </param>
          </params>
          <reporter-output>
          </reporter-output>
        </test-method> <!-- create_person -->
        <test-method signature="deletePersonTest(org.testng.ITestContext)[pri:0, instance:tests.CreatePersonTest@3c7f66c4]" started-at="2023-05-25T00:18:37 EET" name="deletePersonTest" finished-at="2023-05-25T00:18:37 EET" duration-ms="58" status="PASS">
          <params>
            <param index="0">
              <value>
                <![CDATA[org.testng.TestRunner@ae3c140]]>
              </value>
            </param>
          </params>
          <reporter-output>
          </reporter-output>
        </test-method> <!-- deletePersonTest -->
      </class> <!-- tests.CreatePersonTest -->
    </test> <!-- test -->
  </suite> <!-- Suite -->
</testng-results>
