<?xml version="1.0" encoding="UTF-8"?>
<testsuite xmlns:xsi="http://www.w3.org/2001/XMLSchema-instance" xsi:noNamespaceSchemaLocation="https://maven.apache.org/surefire/maven-surefire-plugin/xsd/surefire-test-report-3.0.xsd" version="3.0" name="TestSuite" time="2.469" tests="6" errors="0" skipped="0" failures="0">
  <properties>
[...]
</properties>
  <testcase name="create_person[org.testng.TestRunner@5db948c9](1)" classname="tests.CreatePersonTest" time="1.427">
    <system-out><![CDATA[2023-05-22 15:49:08 INFO  tests.CreatePersonTest.create_person(CreatePersonTest.java:28):28 - create fake data
2023-05-22 15:49:08 INFO  tests.CreatePersonTest.create_person(CreatePersonTest.java:35):35 - sending post request
2023-05-22 15:49:09 INFO  tests.CreatePersonTest.create_person(CreatePersonTest.java:38):38 - check status code
2023-05-22 15:49:09 INFO  tests.CreatePersonTest.create_person(CreatePersonTest.java:40):40 - create global variable from id 
]]></system-out>
  </testcase>
  <testcase name="deletePersonTest[org.testng.TestRunner@5db948c9](1)" classname="tests.DeletePersonTest" time="0.06">
    <system-out><![CDATA[2023-05-22 15:49:09 INFO  tests.DeletePersonTest.deletePersonTest(DeletePersonTest.java:26):26 - send delete reuest to the global id variable
]]></system-out>
  </testcase>
  <testcase name="create_person[org.testng.TestRunner@5db948c9](1)" classname="tests.E2E" time="0.053">
    <system-out><![CDATA[2023-05-22 15:49:09 INFO  tests.E2E.create_person(E2E.java:33):33 - create fake data to the post request
2023-05-22 15:49:09 INFO  tests.E2E.create_person(E2E.java:40):40 - send the post request
]]></system-out>
  </testcase>
  <testcase name="updatePersonTest[org.testng.TestRunner@5db948c9](1)" classname="tests.E2E" time="0.055">
    <system-out><![CDATA[2023-05-22 15:49:09 INFO  tests.E2E.updatePersonTest(E2E.java:51):51 - cretae fake data for the patch request
2023-05-22 15:49:09 INFO  tests.E2E.updatePersonTest(E2E.java:59):59 - send the patch request
]]></system-out>
  </testcase>
  <testcase name="deletePersonTest[org.testng.TestRunner@5db948c9](1)" classname="tests.E2E" time="0.034">
    <system-out><![CDATA[2023-05-22 15:49:09 INFO  tests.E2E.deletePersonTest(E2E.java:69):69 - send the delete request
]]></system-out>
  </testcase>
  <testcase name="testgetall" classname="tests.GetAllPersons" time="0.063"/>
</testsuite>