<?xml version="1.0" encoding="UTF-8"?>
<!-- Generated by org.testng.reporters.JUnitXMLReporter -->
<testsuite ignored="0" hostname="DESKTOP-LJUN8GS" failures="0" tests="11" name="test" time="2.454" errors="0" timestamp="2023-05-25T00:18:38 EET">
  <testcase classname="tests.CreatePersonTest" name="create_person" time="1.202"/>
  <testcase classname="tests.CreatePersonTest" name="deletePersonTest" time="0.058"/>
  <testcase classname="tests.PatchPersontest" name="create_person" time="0.067"/>
  <testcase classname="tests.PatchPersontest" name="updatePersonTest" time="0.067"/>
  <testcase classname="tests.PatchPersontest" name="deletePersonTest" time="0.013"/>
  <testcase classname="tests.DeletePersonTest" name="create_person" time="0.067"/>
  <testcase classname="tests.DeletePersonTest" name="deletePersonTest" time="0.038"/>
  <testcase classname="tests.GetAllPersons" name="testgetall" time="0.065"/>
  <testcase classname="tests.E2E" name="create_person" time="0.047"/>
  <testcase classname="tests.E2E" name="updatePersonTest" time="0.035"/>
  <testcase classname="tests.E2E" name="deletePersonTest" time="0.033"/>
</testsuite> <!-- test -->
