<?xml version="1.0" encoding="UTF-8"?>
<!-- Generated by org.testng.reporters.JUnitXMLReporter -->
<testsuite ignored="0" hostname="DESKTOP-LJUN8GS" failures="0" tests="6" name="Surefire test" time="2.037" errors="0" timestamp="2023-05-22T15:49:09 EET">
  <testcase classname="tests.CreatePersonTest" name="create_person" time="1.427"/>
  <testcase classname="tests.DeletePersonTest" name="deletePersonTest" time="0.059"/>
  <testcase classname="tests.E2E" name="create_person" time="0.053"/>
  <testcase classname="tests.E2E" name="updatePersonTest" time="0.053"/>
  <testcase classname="tests.E2E" name="deletePersonTest" time="0.031"/>
  <testcase classname="tests.GetAllPersons" name="testgetall" time="0.065"/>
</testsuite> <!-- Surefire test -->
