<?xml version="1.0" encoding="UTF-8"?>
<testng-results ignored="0" total="9" passed="9" failed="0" skipped="0">
  <reporter-output>
  </reporter-output>
  <suite started-at="2023-05-16T12:51:03 EET" name="Suite" finished-at="2023-05-16T12:51:05 EET" duration-ms="2243">
    <groups>
    </groups>
    <test started-at="2023-05-16T12:51:03 EET" name="test" finished-at="2023-05-16T12:51:05 EET" duration-ms="2243">
      <class name="tests.DeletePersonTest">
        <test-method is-config="true" signature="init()[pri:0, instance:tests.DeletePersonTest@457c9034]" started-at="2023-05-16T12:51:04 EET" name="init" finished-at="2023-05-16T12:51:04 EET" duration-ms="2" status="PASS">
          <reporter-output>
          </reporter-output>
        </test-method> <!-- init -->
        <test-method signature="deletePersonTest()[pri:0, instance:tests.DeletePersonTest@457c9034]" started-at="2023-05-16T12:51:04 EET" name="deletePersonTest" finished-at="2023-05-16T12:51:04 EET" duration-ms="54" status="PASS">
          <reporter-output>
          </reporter-output>
        </test-method> <!-- deletePersonTest -->
      </class> <!-- tests.DeletePersonTest -->
      <class name="tests.GetAllPersons">
        <test-method is-config="true" signature="init()[pri:0, instance:tests.GetAllPersons@345f69f3]" started-at="2023-05-16T12:51:04 EET" name="init" finished-at="2023-05-16T12:51:04 EET" duration-ms="1" status="PASS">
          <reporter-output>
          </reporter-output>
        </test-method> <!-- init -->
        <test-method signature="testgetall()[pri:0, instance:tests.GetAllPersons@345f69f3]" started-at="2023-05-16T12:51:04 EET" name="testgetall" finished-at="2023-05-16T12:51:04 EET" duration-ms="86" status="PASS">
          <reporter-output>
          </reporter-output>
        </test-method> <!-- testgetall -->
      </class> <!-- tests.GetAllPersons -->
      <class name="tests.E2E">
        <test-method is-config="true" signature="init()[pri:0, instance:tests.E2E@3f57bcad]" started-at="2023-05-16T12:51:04 EET" name="init" finished-at="2023-05-16T12:51:04 EET" duration-ms="1" status="PASS">
          <reporter-output>
          </reporter-output>
        </test-method> <!-- init -->
        <test-method signature="E2ETest(java.lang.String,java.lang.String,java.lang.String,int)[pri:0, instance:tests.E2E@3f57bcad]" started-at="2023-05-16T12:51:04 EET" name="E2ETest" data-provider="creationData" finished-at="2023-05-16T12:51:05 EET" duration-ms="509" status="PASS">
          <params>
            <param index="0">
              <value>
                <![CDATA[slah]]>
              </value>
            </param>
            <param index="1">
              <value>
                <![CDATA[hamed]]>
              </value>
            </param>
            <param index="2">
              <value>
                <![CDATA[why]]>
              </value>
            </param>
            <param index="3">
              <value>
                <![CDATA[6565]]>
              </value>
            </param>
          </params>
          <reporter-output>
          </reporter-output>
        </test-method> <!-- E2ETest -->
        <test-method signature="E2ETest(java.lang.String,java.lang.String,java.lang.String,int)[pri:0, instance:tests.E2E@3f57bcad]" started-at="2023-05-16T12:51:05 EET" name="E2ETest" data-provider="creationData" finished-at="2023-05-16T12:51:05 EET" duration-ms="138" status="PASS">
          <params>
            <param index="0">
              <value>
                <![CDATA[yosra]]>
              </value>
            </param>
            <param index="1">
              <value>
                <![CDATA[samitra]]>
              </value>
            </param>
            <param index="2">
              <value>
                <![CDATA[myplace]]>
              </value>
            </param>
            <param index="3">
              <value>
                <![CDATA[24]]>
              </value>
            </param>
          </params>
          <reporter-output>
          </reporter-output>
        </test-method> <!-- E2ETest -->
        <test-method signature="E2ETest(java.lang.String,java.lang.String,java.lang.String,int)[pri:0, instance:tests.E2E@3f57bcad]" started-at="2023-05-16T12:51:05 EET" name="E2ETest" data-provider="creationData" finished-at="2023-05-16T12:51:05 EET" duration-ms="154" status="PASS">
          <params>
            <param index="0">
              <value>
                <![CDATA[angelina]]>
              </value>
            </param>
            <param index="1">
              <value>
                <![CDATA[jolie]]>
              </value>
            </param>
            <param index="2">
              <value>
                <![CDATA[mydick]]>
              </value>
            </param>
            <param index="3">
              <value>
                <![CDATA[22]]>
              </value>
            </param>
          </params>
          <reporter-output>
          </reporter-output>
        </test-method> <!-- E2ETest -->
      </class> <!-- tests.E2E -->
      <class name="tests.CreatePersonTest">
        <test-method is-config="true" signature="init()[pri:0, instance:tests.CreatePersonTest@1e44b638]" started-at="2023-05-16T12:51:03 EET" name="init" finished-at="2023-05-16T12:51:03 EET" duration-ms="313" status="PASS">
          <reporter-output>
          </reporter-output>
        </test-method> <!-- init -->
        <test-method signature="create_person(java.lang.String,java.lang.String,java.lang.String,int)[pri:0, instance:tests.CreatePersonTest@1e44b638]" started-at="2023-05-16T12:51:03 EET" name="create_person" data-provider="creationData" finished-at="2023-05-16T12:51:04 EET" duration-ms="774" status="PASS">
          <params>
            <param index="0">
              <value>
                <![CDATA[slah]]>
              </value>
            </param>
            <param index="1">
              <value>
                <![CDATA[hamed]]>
              </value>
            </param>
            <param index="2">
              <value>
                <![CDATA[why]]>
              </value>
            </param>
            <param index="3">
              <value>
                <![CDATA[6565]]>
              </value>
            </param>
          </params>
          <reporter-output>
          </reporter-output>
        </test-method> <!-- create_person -->
        <test-method signature="create_person(java.lang.String,java.lang.String,java.lang.String,int)[pri:0, instance:tests.CreatePersonTest@1e44b638]" started-at="2023-05-16T12:51:04 EET" name="create_person" data-provider="creationData" finished-at="2023-05-16T12:51:04 EET" duration-ms="36" status="PASS">
          <params>
            <param index="0">
              <value>
                <![CDATA[yosra]]>
              </value>
            </param>
            <param index="1">
              <value>
                <![CDATA[samitra]]>
              </value>
            </param>
            <param index="2">
              <value>
                <![CDATA[myplace]]>
              </value>
            </param>
            <param index="3">
              <value>
                <![CDATA[24]]>
              </value>
            </param>
          </params>
          <reporter-output>
          </reporter-output>
        </test-method> <!-- create_person -->
        <test-method signature="create_person(java.lang.String,java.lang.String,java.lang.String,int)[pri:0, instance:tests.CreatePersonTest@1e44b638]" started-at="2023-05-16T12:51:04 EET" name="create_person" data-provider="creationData" finished-at="2023-05-16T12:51:04 EET" duration-ms="43" status="PASS">
          <params>
            <param index="0">
              <value>
                <![CDATA[angelina]]>
              </value>
            </param>
            <param index="1">
              <value>
                <![CDATA[jolie]]>
              </value>
            </param>
            <param index="2">
              <value>
                <![CDATA[mydick]]>
              </value>
            </param>
            <param index="3">
              <value>
                <![CDATA[22]]>
              </value>
            </param>
          </params>
          <reporter-output>
          </reporter-output>
        </test-method> <!-- create_person -->
      </class> <!-- tests.CreatePersonTest -->
      <class name="tests.PatchPerson">
        <test-method is-config="true" signature="init()[pri:0, instance:tests.PatchPerson@50de186c]" started-at="2023-05-16T12:51:04 EET" name="init" finished-at="2023-05-16T12:51:04 EET" duration-ms="2" status="PASS">
          <reporter-output>
          </reporter-output>
        </test-method> <!-- init -->
        <test-method signature="updatePersonTest(java.lang.String,java.lang.String,java.lang.String,int)[pri:0, instance:tests.PatchPerson@50de186c]" started-at="2023-05-16T12:51:04 EET" name="updatePersonTest" data-provider="patchData" finished-at="2023-05-16T12:51:04 EET" duration-ms="33" status="PASS">
          <params>
            <param index="0">
              <value>
                <![CDATA[hass]]>
              </value>
            </param>
            <param index="1">
              <value>
                <![CDATA[ewrew]]>
              </value>
            </param>
            <param index="2">
              <value>
                <![CDATA[fvsd]]>
              </value>
            </param>
            <param index="3">
              <value>
                <![CDATA[2322]]>
              </value>
            </param>
          </params>
          <reporter-output>
          </reporter-output>
        </test-method> <!-- updatePersonTest -->
      </class> <!-- tests.PatchPerson -->
    </test> <!-- test -->
  </suite> <!-- Suite -->
</testng-results>
