<?xml version="1.0" encoding="UTF-8"?>
<!-- Generated by org.testng.reporters.JUnitXMLReporter -->
<testsuite ignored="0" hostname="DESKTOP-LJUN8GS" failures="0" tests="7" name="test" time="2.237" errors="0" timestamp="2023-05-22T15:36:25 EET">
  <testcase classname="tests.CreatePersonTest" name="create_person" time="1.414"/>
  <testcase classname="tests.PatchPerson" name="updatePersonTest" time="0.08"/>
  <testcase classname="tests.DeletePersonTest" name="deletePersonTest" time="0.044"/>
  <testcase classname="tests.GetAllPersons" name="testgetall" time="0.083"/>
  <testcase classname="tests.E2E" name="create_person" time="0.049"/>
  <testcase classname="tests.E2E" name="updatePersonTest" time="0.05"/>
  <testcase classname="tests.E2E" name="deletePersonTest" time="0.03"/>
</testsuite> <!-- test -->
