<?xml version="1.0" encoding="UTF-8"?>
<!-- Generated by org.testng.reporters.JUnitXMLReporter -->
<testsuite ignored="0" hostname="DESKTOP-LJUN8GS" failures="0" tests="9" name="test" time="2.243" errors="0" timestamp="2023-05-16T12:51:05 EET">
  <testcase classname="tests.CreatePersonTest" name="create_person" time="0.774"/>
  <testcase classname="tests.CreatePersonTest" name="create_person" time="0.036"/>
  <testcase classname="tests.CreatePersonTest" name="create_person" time="0.043"/>
  <testcase classname="tests.DeletePersonTest" name="deletePersonTest" time="0.054"/>
  <testcase classname="tests.GetAllPersons" name="testgetall" time="0.086"/>
  <testcase classname="tests.PatchPerson" name="updatePersonTest" time="0.033"/>
  <testcase classname="tests.E2E" name="E2ETest" time="0.509"/>
  <testcase classname="tests.E2E" name="E2ETest" time="0.138"/>
  <testcase classname="tests.E2E" name="E2ETest" time="0.154"/>
</testsuite> <!-- test -->
